[2020-01-05 13:49:57] pedidos.INFO: Api/register - Se invoca y entra [] []
[2020-01-05 13:56:04] pedidos.INFO: Api/register - Se invoca y entra [] []
[2020-01-05 14:29:42] pedidos.INFO: Api/register - Se invoca y entra [] []
[2020-01-05 15:16:42] pedidos.INFO: Api/register - Se invoca y entra [] []
[2020-01-05 15:19:13] pedidos.INFO: Api/register - Se invoca y entra [] []
[2020-01-05 15:19:56] pedidos.INFO: Api/register - Se invoca y entra [] []
[2020-01-05 15:22:31] pedidos.INFO: Api/register - Se invoca y entra [] []
[2020-01-05 15:23:35] pedidos.INFO: Api/register - Se invoca y entra [] []
[2020-01-05 15:24:57] pedidos.INFO: Api/register - Se invoca y entra [] []
[2020-01-05 15:40:43] pedidos.INFO: Api/register - Se invoca y entra [] []
[2020-01-05 15:41:04] pedidos.INFO: Api/register - Se invoca y entra [] []
[2020-01-05 15:54:02] pedidos.INFO: Api/register - Se invoca y entra [] []
[2020-01-05 15:54:13] pedidos.INFO: Api/register - Se invoca y entra [] []
[2020-01-05 16:01:39] pedidos.INFO: Api/register - Se invoca y entra [] []
[2020-01-05 16:02:06] pedidos.INFO: Api/register - Se invoca y entra [] []
[2020-01-05 16:02:21] pedidos.INFO: Api/register - Se invoca y entra [] []
[2020-01-05 16:04:48] pedidos.INFO: Api/register - Se invoca y entra [] []
[2020-01-05 16:05:36] pedidos.INFO: Api/register - Se invoca y entra [] []
[2020-01-05 16:05:55] pedidos.INFO: Api/register - Se invoca y entra [] []
[2020-01-05 16:06:16] pedidos.INFO: Api/register - Se invoca y entra [] []
[2020-01-05 16:06:16] pedidos.INFO: Api/register - datos validados [] []
[2020-01-05 16:06:16] pedidos.INFO: Api/register - hass password created [] []
[2020-01-05 16:06:16] pedidos.INFO: Api/register - Usuario creado satisfactoriamente [] []
[2020-01-05 16:06:18] pedidos.INFO: Api/register - Se obtiene token [] []
[2020-01-05 16:06:18] pedidos.INFO: Api/register - Usuario creado - se retorna [] []
[2020-01-05 16:06:18] pedidos.INFO: eyJ0eXAiOiJKV1QiLCJhbGciOiJSUzI1NiIsImp0aSI6Ijk1ODAwMGU2MTgxNzNiOTc0M2M4YWNlZGMyMzlkOGU4ZmExMDJmNWIzMzUxNTI0ZTQ4ZWE1OTRjODZjOWIwYWNlMzI3YmMxZjhiNWIzYWQzIn0.eyJhdWQiOiIxIiwianRpIjoiOTU4MDAwZTYxODE3M2I5NzQzYzhhY2VkYzIzOWQ4ZThmYTEwMmY1YjMzNTE1MjRlNDhlYTU5NGM4NmM5YjBhY2UzMjdiYzFmOGI1YjNhZDMiLCJpYXQiOjE1NzgyNjE5NzgsIm5iZiI6MTU3ODI2MTk3OCwiZXhwIjoxNjA5ODg0Mzc4LCJzdWIiOiI3Iiwic2NvcGVzIjpbXX0.RcpILRoJdJqxedu_fRAuUwMrCTtrfGe7jMK9p8OeVR18-vW_TACRCViJQg9DtYNaWbD9ZMWpSUwLdElaIa3O_aN7FxF5ySd32O_J0OnK0uxCgKMjV60FPcjXfKYyU-E31CaQVEBD5Ye36WrWEBtM-rVwPglZXhEGRAjajcleH9Xylcflkylf8PDayZU7itaxQz9380PZ7kN6pVpBs9tKVRB-S-M5BcRPYgMDXNfnWjnyKULNBPHJWh1L_42rA_GXz8yc94xs_N6ePxAeN3Hwz-X_jAx6QxRc5vIlI3laJE-MM1sn5HWAEhMCBv-AIyyqh8hzVz7FJuWM0ibUpra16rkdGridRiiZHv3OvfLGr2KyAbKJ_q2dnOQtHEInboKuzQhDYvip4k-vrCIKmRTwjqj4aWohPjHfNUjobSRMjP7H7o9N0o2tu-Mk30-ErKqH9WunX_4J_DXG77iY8JyzRKWNsywmNAGmz6y1X8was0BjX7kvVglcfCgI4Ve6FdKX-ZPO-efL2E6wqrnM5ckqz9YNm2yrc9kuTaaFTOoLSEuecgmdtws--X1N33xp8_4JfShmUIDlToi1sxNbqFskhFtSwieUSM7BygwsB0FLiaOsx4-WGb3yKzFgh7mGvBzj5-XllMoOiAdFOgBVp8EDYbRaQYwF8aFZ2KS6veqIRMo [] []
[2020-01-05 16:08:55] pedidos.INFO: Api/register - Se invoca y entra [] []
[2020-01-05 16:09:11] pedidos.INFO: Api/register - Se invoca y entra [] []
[2020-01-05 16:09:11] pedidos.INFO: Api/register - datos validados [] []
[2020-01-05 16:09:12] pedidos.INFO: Api/register - hass password created [] []
[2020-01-05 16:09:12] pedidos.INFO: Api/register - Usuario creado satisfactoriamente [] []
[2020-01-05 16:09:12] pedidos.INFO: Api/register - Se obtiene token [] []
[2020-01-05 16:09:12] pedidos.INFO: Api/register - Usuario creado - se retorna [] []
[2020-01-05 16:09:12] pedidos.INFO: eyJ0eXAiOiJKV1QiLCJhbGciOiJSUzI1NiIsImp0aSI6IjZiNDIyYWIyYTEyOWQ0MWE5NmZjNDdmZjAyMDhkMTg2MmQ0NmQ0ZjBlNmYwOGY4YTFkYTJhMGQxNGY5N2UyM2EwOTA5NjAyNDk4ZTFjMDIzIn0.eyJhdWQiOiIxIiwianRpIjoiNmI0MjJhYjJhMTI5ZDQxYTk2ZmM0N2ZmMDIwOGQxODYyZDQ2ZDRmMGU2ZjA4ZjhhMWRhMmEwZDE0Zjk3ZTIzYTA5MDk2MDI0OThlMWMwMjMiLCJpYXQiOjE1NzgyNjIxNTIsIm5iZiI6MTU3ODI2MjE1MiwiZXhwIjoxNjA5ODg0NTUyLCJzdWIiOiI4Iiwic2NvcGVzIjpbXX0.rd_JA7wBtw3UjcjghpWFhM7vU62Has-olxK6RWZN5RzZejwlFxzz6r_h1YkiVk2EUmImXdbdNAwhgnG7VSoaiD1V3BSoF8vnjbewyl0covcJHHdQ24YdxYU8UGRqMMz59FvvLyo_JCeZVeCZ-NRZVodO-GXIb7Py-zv49OaFo_brcsouBN86T4qDlk1dygaICq4os2AFBcU7h9O8OSZnekR3NE7xemmjOXXSV1GySQNiY-P6yhbVN4aLf1FI6VYr-kjsr3BKvdCDrjAS3Kr1-uExm05eAIz5D8qgarDNslCrYVkQY4oE4voWjaS22o7hx-waEpCOmxlEXAOHZYfZc51htjcJGxuqWgbv-tqABUm9O1lBmoeMNuJtC9JAYkZueeEjUbpALJ_7GXJyEzsHyEUyQ_-GX3FdVqk2GKWkc6DpgudTvxtkbiUKK5klUtvrsZ2pWhAw31DBDxYffmFYgYE9ZkK1gF3lOmKS9SUN51JV1ril_jzjOkJQSkSv4c7xQ_UzZELfPb0xPSXYB-KBSy2z4DT-88JYevvAVj3KQ_7RaM3adFf0tnBbSRGyEPr8oQS8bF3BTqyBAqDPnZaQG7U1mFdnjvb9Ii_htcKaBVL4q1w4QJJBFtobEdKeygoXzW9KZOvhjdBvAsfEXrlEj449ZbD1jN-r9w1konKu3GU [] []
